<?xml version="1.0" encoding="utf-8"?><testsuites name="pytest tests"><testsuite name="pytest" errors="0" failures="0" skipped="0" tests="19" time="4.925" timestamp="2026-06-17T16:45:20.283757+00:00" hostname="agent-env-a78a6d9f-864e-41c4-ab45-d080f69b3fd3"><testcase classname="backend.tests.backend_test.TestAuth" name="test_admin_login_sets_cookie" time="0.511" /><testcase classname="backend.tests.backend_test.TestAuth" name="test_auth_me_with_cookie" time="0.384" /><testcase classname="backend.tests.backend_test.TestAuth" name="test_auth_me_without_cookie_returns_401" time="0.124" /><testcase classname="backend.tests.backend_test.TestAuth" name="test_login_wrong_password" time="0.329" /><testcase classname="backend.tests.backend_test.TestAuth" name="test_logout_clears_session" time="0.428" /><testcase classname="backend.tests.backend_test.TestAuth" name="test_register_creates_user_seeds_habits" time="0.389" /><testcase classname="backend.tests.backend_test.TestAuth" name="test_register_duplicate_email_returns_400" time="0.439" /><testcase classname="backend.tests.backend_test.TestSettings" name="test_get_settings" time="0.048" /><testcase classname="backend.tests.backend_test.TestSettings" name="test_update_settings_then_persist" time="0.144" /><testcase classname="backend.tests.backend_test.TestSettings" name="test_update_settings_bad_date" time="0.087" /><testcase classname="backend.tests.backend_test.TestHabits" name="test_list_habits_returns_completed_today_flag" time="0.401" /><testcase classname="backend.tests.backend_test.TestHabits" name="test_create_habit" time="0.117" /><testcase classname="backend.tests.backend_test.TestHabits" name="test_toggle_habit_and_stats_streak" time="0.257" /><testcase classname="backend.tests.backend_test.TestHabits" name="test_toggle_habit_off" time="0.203" /><testcase classname="backend.tests.backend_test.TestHabits" name="test_delete_habit" time="0.169" /><testcase classname="backend.tests.backend_test.TestTimetable" name="test_create_and_list_by_date" time="0.268" /><testcase classname="backend.tests.backend_test.TestTimetable" name="test_upload_csv_add_then_replace" time="0.233" /><testcase classname="backend.tests.backend_test.TestTimetable" name="test_upload_json_array" time="0.058" /><testcase classname="backend.tests.backend_test.TestTimetable" name="test_upload_invalid_extension" time="0.061" /></testsuite></testsuites>