<?xml version="1.0" encoding="utf-8"?><testsuites name="pytest tests"><testsuite name="pytest" errors="0" failures="0" skipped="0" tests="19" time="47.022" timestamp="2026-06-17T18:43:20.426591+00:00" hostname="agent-env-a78a6d9f-864e-41c4-ab45-d080f69b3fd3"><testcase classname="backend.tests.backend_test.TestAuth" name="test_admin_login_sets_cookie" time="1.300" /><testcase classname="backend.tests.backend_test.TestAuth" name="test_auth_me_with_cookie" time="2.060" /><testcase classname="backend.tests.backend_test.TestAuth" name="test_auth_me_without_cookie_returns_401" time="0.112" /><testcase classname="backend.tests.backend_test.TestAuth" name="test_login_wrong_password" time="0.922" /><testcase classname="backend.tests.backend_test.TestAuth" name="test_logout_clears_session" time="2.075" /><testcase classname="backend.tests.backend_test.TestAuth" name="test_register_creates_user_seeds_habits" time="3.843" /><testcase classname="backend.tests.backend_test.TestAuth" name="test_register_duplicate_email_returns_400" time="3.369" /><testcase classname="backend.tests.backend_test.TestSettings" name="test_get_settings" time="0.771" /><testcase classname="backend.tests.backend_test.TestSettings" name="test_update_settings_then_persist" time="2.904" /><testcase classname="backend.tests.backend_test.TestSettings" name="test_update_settings_bad_date" time="0.768" /><testcase classname="backend.tests.backend_test.TestHabits" name="test_list_habits_returns_completed_today_flag" time="3.643" /><testcase classname="backend.tests.backend_test.TestHabits" name="test_create_habit" time="2.793" /><testcase classname="backend.tests.backend_test.TestHabits" name="test_toggle_habit_and_stats_streak" time="4.327" /><testcase classname="backend.tests.backend_test.TestHabits" name="test_toggle_habit_off" time="3.207" /><testcase classname="backend.tests.backend_test.TestHabits" name="test_delete_habit" time="3.578" /><testcase classname="backend.tests.backend_test.TestTimetable" name="test_create_and_list_by_date" time="4.883" /><testcase classname="backend.tests.backend_test.TestTimetable" name="test_upload_csv_add_then_replace" time="4.340" /><testcase classname="backend.tests.backend_test.TestTimetable" name="test_upload_json_array" time="1.126" /><testcase classname="backend.tests.backend_test.TestTimetable" name="test_upload_invalid_extension" time="0.768" /></testsuite></testsuites>